<?xml version="1.0" encoding="UTF-8"?>
<!-- Generated by org.testng.reporters.JUnitReportReporter -->
<testsuite hostname="DESKTOP-TMD2O1J" failures="0" tests="1" name="tests.testXpertHRPlatform" time="17.041" errors="0" timestamp="2024-03-21T07:59:37 IST" skipped="0">
  <testcase classname="tests.testXpertHRPlatform" name="testXpertHRPlatformSearch" time="17.041"/>
  <system-out/>
</testsuite> <!-- tests.testXpertHRPlatform -->
